<?xml version="1.0" encoding="utf-8"?><testsuites name="pytest tests"><testsuite name="pytest" errors="0" failures="0" skipped="0" tests="19" time="2.858" timestamp="2026-03-02T15:57:02.513301+00:00" hostname="agent-env-9a53b242-239f-4429-8de4-5f0d4ae5b774"><testcase classname="backend.tests.test_loan_simulation.TestHealthCheck" name="test_api_root" time="0.174" /><testcase classname="backend.tests.test_loan_simulation.TestBasicSimulation" name="test_basic_loan_simulation" time="0.137" /><testcase classname="backend.tests.test_loan_simulation.TestBasicSimulation" name="test_simulation_with_different_loan_amounts" time="0.297" /><testcase classname="backend.tests.test_loan_simulation.TestEMIAdjustment" name="test_increased_emi_reduces_tenure" time="0.108" /><testcase classname="backend.tests.test_loan_simulation.TestEMIAdjustment" name="test_emi_below_standard_rejected" time="0.138" /><testcase classname="backend.tests.test_loan_simulation.TestPeriodicPayments" name="test_monthly_periodic_payment" time="0.161" /><testcase classname="backend.tests.test_loan_simulation.TestPeriodicPayments" name="test_quarterly_periodic_payment" time="0.110" /><testcase classname="backend.tests.test_loan_simulation.TestAdhocPayments" name="test_adhoc_lump_sum_payment" time="0.135" /><testcase classname="backend.tests.test_loan_simulation.TestInvestmentComparison" name="test_investment_analysis_enabled" time="0.215" /><testcase classname="backend.tests.test_loan_simulation.TestInvestmentComparison" name="test_investment_breakdown_by_source" time="0.114" /><testcase classname="backend.tests.test_loan_simulation.TestInvestmentComparison" name="test_recommendation_prepay_vs_invest" time="0.214" /><testcase classname="backend.tests.test_loan_simulation.TestInvestmentComparison" name="test_investment_disabled_when_zero_return" time="0.117" /><testcase classname="backend.tests.test_loan_simulation.TestExportFunctionality" name="test_excel_export" time="0.141" /><testcase classname="backend.tests.test_loan_simulation.TestExportFunctionality" name="test_pdf_export" time="0.110" /><testcase classname="backend.tests.test_loan_simulation.TestInputValidation" name="test_negative_loan_amount_rejected" time="0.132" /><testcase classname="backend.tests.test_loan_simulation.TestInputValidation" name="test_zero_tenure_rejected" time="0.111" /><testcase classname="backend.tests.test_loan_simulation.TestInputValidation" name="test_negative_interest_rejected" time="0.126" /><testcase classname="backend.tests.test_loan_simulation.TestScheduleData" name="test_schedule_contains_all_months" time="0.120" /><testcase classname="backend.tests.test_loan_simulation.TestScheduleData" name="test_closing_balance_reaches_zero" time="0.113" /></testsuite></testsuites>